# Logfile created on 2021-05-05 23:02:40 -0300 by logger.rb/v1.4.2
E, [2021-05-05T23:02:42.231873 #6436] ERROR -- : json mal formado:
E, [2021-05-06T09:57:29.098857 #2416] ERROR -- : host não encontrado!: Failed to open TCP connection to rcteste.tainacan.or:80 (getaddrinfo: Este host não é conhecido. )
E, [2021-05-06T09:57:30.626140 #2416] ERROR -- : json mal formado: 783: unexpected token at '<!DOCTYPE html>
<html lang="pt-BR">
<head>
	<meta http-equiv="Content-Type" content="text/html; charset=UTF-8" />
	<meta name="viewport" content="width=device-width">
		<meta name='robots' content='noindex, nofollow' />
	<title>Erro &rsaquo; WordPress</title>
	<style type="text/css">
		html {
			background: #f1f1f1;
		}
		body {
			background: #fff;
			border: 1px solid #ccd0d4;
			color: #444;
			font-family: -apple-system, BlinkMacSystemFont, "Segoe UI", Roboto, Oxygen-Sans, Ubuntu, Cantarell, "Helvetica Neue", sans-serif;
			margin: 2em auto;
			padding: 1em 2em;
			max-width: 700px;
			-webkit-box-shadow: 0 1px 1px rgba(0, 0, 0, .04);
			box-shadow: 0 1px 1px rgba(0, 0, 0, .04);
		}
		h1 {
			border-bottom: 1px solid #dadada;
			clear: both;
			color: #666;
			font-size: 24px;
			margin: 30px 0 0 0;
			padding: 0;
			padding-bottom: 7px;
		}
		#error-page {
			margin-top: 50px;
		}
		#error-page p,
		#error-page .wp-die-message {
			font-size: 14px;
			line-height: 1.5;
			margin: 25px 0 20px;
		}
		#error-page code {
			font-family: Consolas, Monaco, monospace;
		}
		ul li {
			margin-bottom: 10px;
			font-size: 14px ;
		}
		a {
			color: #0073aa;
		}
		a:hover,
		a:active {
			color: #006799;
		}
		a:focus {
			color: #124964;
			-webkit-box-shadow:
				0 0 0 1px #5b9dd9,
				0 0 2px 1px rgba(30, 140, 190, 0.8);
			box-shadow:
				0 0 0 1px #5b9dd9,
				0 0 2px 1px rgba(30, 140, 190, 0.8);
			outline: none;
		}
		.button {
			background: #f3f5f6;
			border: 1px solid #016087;
			color: #016087;
			display: inline-block;
			text-decoration: none;
			font-size: 13px;
			line-height: 2;
			height: 28px;
			margin: 0;
			padding: 0 10px 1px;
			cursor: pointer;
			-webkit-border-radius: 3px;
			-webkit-appearance: none;
			border-radius: 3px;
			white-space: nowrap;
			-webkit-box-sizing: border-box;
			-moz-box-sizing:    border-box;
			box-sizing:         border-box;

			vertical-align: top;
		}

		.button.button-large {
			line-height: 2.30769231;
			min-height: 32px;
			padding: 0 12px;
		}

		.button:hover,
		.button:focus {
			background: #f1f1f1;
		}

		.button:focus {
			background: #f3f5f6;
			border-color: #007cba;
			-webkit-box-shadow: 0 0 0 1px #007cba;
			box-shadow: 0 0 0 1px #007cba;
			color: #016087;
			outline: 2px solid transparent;
			outline-offset: 0;
		}

		.button:active {
			background: #f3f5f6;
			border-color: #7e8993;
			-webkit-box-shadow: none;
			box-shadow: none;
		}

			</style>
</head>
<body id="error-page">
	<div class="wp-die-message"><p>Há um erro crítico no seu site.</p><p><a href="https://wordpress.org/support/article/faq-troubleshooting/">Saiba mais sobre a como resolver problemas do WordPress.</a></p></div></body>
</html>
	'
E, [2021-05-06T09:59:18.612370 #10004] ERROR -- : host não encontrado!: Failed to open TCP connection to rcteste.tainacan.or:80 (getaddrinfo: Este host não é conhecido. )
E, [2021-05-06T09:59:19.343260 #10004] ERROR -- : json mal formado: 783: unexpected token at '<!DOCTYPE html>
<html lang="pt-BR">
<head>
	<meta http-equiv="Content-Type" content="text/html; charset=UTF-8" />
	<meta name="viewport" content="width=device-width">
		<meta name='robots' content='noindex, nofollow' />
	<title>Erro &rsaquo; WordPress</title>
	<style type="text/css">
		html {
			background: #f1f1f1;
		}
		body {
			background: #fff;
			border: 1px solid #ccd0d4;
			color: #444;
			font-family: -apple-system, BlinkMacSystemFont, "Segoe UI", Roboto, Oxygen-Sans, Ubuntu, Cantarell, "Helvetica Neue", sans-serif;
			margin: 2em auto;
			padding: 1em 2em;
			max-width: 700px;
			-webkit-box-shadow: 0 1px 1px rgba(0, 0, 0, .04);
			box-shadow: 0 1px 1px rgba(0, 0, 0, .04);
		}
		h1 {
			border-bottom: 1px solid #dadada;
			clear: both;
			color: #666;
			font-size: 24px;
			margin: 30px 0 0 0;
			padding: 0;
			padding-bottom: 7px;
		}
		#error-page {
			margin-top: 50px;
		}
		#error-page p,
		#error-page .wp-die-message {
			font-size: 14px;
			line-height: 1.5;
			margin: 25px 0 20px;
		}
		#error-page code {
			font-family: Consolas, Monaco, monospace;
		}
		ul li {
			margin-bottom: 10px;
			font-size: 14px ;
		}
		a {
			color: #0073aa;
		}
		a:hover,
		a:active {
			color: #006799;
		}
		a:focus {
			color: #124964;
			-webkit-box-shadow:
				0 0 0 1px #5b9dd9,
				0 0 2px 1px rgba(30, 140, 190, 0.8);
			box-shadow:
				0 0 0 1px #5b9dd9,
				0 0 2px 1px rgba(30, 140, 190, 0.8);
			outline: none;
		}
		.button {
			background: #f3f5f6;
			border: 1px solid #016087;
			color: #016087;
			display: inline-block;
			text-decoration: none;
			font-size: 13px;
			line-height: 2;
			height: 28px;
			margin: 0;
			padding: 0 10px 1px;
			cursor: pointer;
			-webkit-border-radius: 3px;
			-webkit-appearance: none;
			border-radius: 3px;
			white-space: nowrap;
			-webkit-box-sizing: border-box;
			-moz-box-sizing:    border-box;
			box-sizing:         border-box;

			vertical-align: top;
		}

		.button.button-large {
			line-height: 2.30769231;
			min-height: 32px;
			padding: 0 12px;
		}

		.button:hover,
		.button:focus {
			background: #f1f1f1;
		}

		.button:focus {
			background: #f3f5f6;
			border-color: #007cba;
			-webkit-box-shadow: 0 0 0 1px #007cba;
			box-shadow: 0 0 0 1px #007cba;
			color: #016087;
			outline: 2px solid transparent;
			outline-offset: 0;
		}

		.button:active {
			background: #f3f5f6;
			border-color: #7e8993;
			-webkit-box-shadow: none;
			box-shadow: none;
		}

			</style>
</head>
<body id="error-page">
	<div class="wp-die-message"><p>Há um erro crítico no seu site.</p><p><a href="https://wordpress.org/support/article/faq-troubleshooting/">Saiba mais sobre a como resolver problemas do WordPress.</a></p></div></body>
</html>
	'
E, [2021-05-06T10:07:14.680218 #20852] ERROR -- : json mal formado: 783: unexpected token at '<!DOCTYPE html>
<html lang="pt-BR">
<head>
	<meta http-equiv="Content-Type" content="text/html; charset=UTF-8" />
	<meta name="viewport" content="width=device-width">
		<meta name='robots' content='noindex, nofollow' />
	<title>Erro &rsaquo; WordPress</title>
	<style type="text/css">
		html {
			background: #f1f1f1;
		}
		body {
			background: #fff;
			border: 1px solid #ccd0d4;
			color: #444;
			font-family: -apple-system, BlinkMacSystemFont, "Segoe UI", Roboto, Oxygen-Sans, Ubuntu, Cantarell, "Helvetica Neue", sans-serif;
			margin: 2em auto;
			padding: 1em 2em;
			max-width: 700px;
			-webkit-box-shadow: 0 1px 1px rgba(0, 0, 0, .04);
			box-shadow: 0 1px 1px rgba(0, 0, 0, .04);
		}
		h1 {
			border-bottom: 1px solid #dadada;
			clear: both;
			color: #666;
			font-size: 24px;
			margin: 30px 0 0 0;
			padding: 0;
			padding-bottom: 7px;
		}
		#error-page {
			margin-top: 50px;
		}
		#error-page p,
		#error-page .wp-die-message {
			font-size: 14px;
			line-height: 1.5;
			margin: 25px 0 20px;
		}
		#error-page code {
			font-family: Consolas, Monaco, monospace;
		}
		ul li {
			margin-bottom: 10px;
			font-size: 14px ;
		}
		a {
			color: #0073aa;
		}
		a:hover,
		a:active {
			color: #006799;
		}
		a:focus {
			color: #124964;
			-webkit-box-shadow:
				0 0 0 1px #5b9dd9,
				0 0 2px 1px rgba(30, 140, 190, 0.8);
			box-shadow:
				0 0 0 1px #5b9dd9,
				0 0 2px 1px rgba(30, 140, 190, 0.8);
			outline: none;
		}
		.button {
			background: #f3f5f6;
			border: 1px solid #016087;
			color: #016087;
			display: inline-block;
			text-decoration: none;
			font-size: 13px;
			line-height: 2;
			height: 28px;
			margin: 0;
			padding: 0 10px 1px;
			cursor: pointer;
			-webkit-border-radius: 3px;
			-webkit-appearance: none;
			border-radius: 3px;
			white-space: nowrap;
			-webkit-box-sizing: border-box;
			-moz-box-sizing:    border-box;
			box-sizing:         border-box;

			vertical-align: top;
		}

		.button.button-large {
			line-height: 2.30769231;
			min-height: 32px;
			padding: 0 12px;
		}

		.button:hover,
		.button:focus {
			background: #f1f1f1;
		}

		.button:focus {
			background: #f3f5f6;
			border-color: #007cba;
			-webkit-box-shadow: 0 0 0 1px #007cba;
			box-shadow: 0 0 0 1px #007cba;
			color: #016087;
			outline: 2px solid transparent;
			outline-offset: 0;
		}

		.button:active {
			background: #f3f5f6;
			border-color: #7e8993;
			-webkit-box-shadow: none;
			box-shadow: none;
		}

			</style>
</head>
<body id="error-page">
	<div class="wp-die-message"><p>Há um erro crítico no seu site.</p><p><a href="https://wordpress.org/support/article/faq-troubleshooting/">Saiba mais sobre a como resolver problemas do WordPress.</a></p></div></body>
</html>
	'
E, [2021-05-06T10:11:29.633136 #120] ERROR -- : Requisição errada {"code"=>"rest_forbidden", "message"=>"Sem permissão para fazer isso.", "data"=>{"status"=>401}}
E, [2021-05-06T10:26:37.620053 #13024] ERROR -- : Requisição errada {"code"=>"rest_forbidden", "message"=>"Sem permissão para fazer isso.", "data"=>{"status"=>401}}
E, [2021-05-06T10:27:13.898201 #8980] ERROR -- : Requisição errada {"code"=>"rest_forbidden", "message"=>"Sem permissão para fazer isso.", "data"=>{"status"=>401}}
E, [2021-05-06T10:27:46.909582 #18840] ERROR -- : Houve um erro!: 783: unexpected token at '<!DOCTYPE html>
<html lang="pt-BR">
<head>
	<meta http-equiv="Content-Type" content="text/html; charset=UTF-8" />
	<meta name="viewport" content="width=device-width">
		<meta name='robots' content='noindex, nofollow' />
	<title>Erro &rsaquo; WordPress</title>
	<style type="text/css">
		html {
			background: #f1f1f1;
		}
		body {
			background: #fff;
			border: 1px solid #ccd0d4;
			color: #444;
			font-family: -apple-system, BlinkMacSystemFont, "Segoe UI", Roboto, Oxygen-Sans, Ubuntu, Cantarell, "Helvetica Neue", sans-serif;
			margin: 2em auto;
			padding: 1em 2em;
			max-width: 700px;
			-webkit-box-shadow: 0 1px 1px rgba(0, 0, 0, .04);
			box-shadow: 0 1px 1px rgba(0, 0, 0, .04);
		}
		h1 {
			border-bottom: 1px solid #dadada;
			clear: both;
			color: #666;
			font-size: 24px;
			margin: 30px 0 0 0;
			padding: 0;
			padding-bottom: 7px;
		}
		#error-page {
			margin-top: 50px;
		}
		#error-page p,
		#error-page .wp-die-message {
			font-size: 14px;
			line-height: 1.5;
			margin: 25px 0 20px;
		}
		#error-page code {
			font-family: Consolas, Monaco, monospace;
		}
		ul li {
			margin-bottom: 10px;
			font-size: 14px ;
		}
		a {
			color: #0073aa;
		}
		a:hover,
		a:active {
			color: #006799;
		}
		a:focus {
			color: #124964;
			-webkit-box-shadow:
				0 0 0 1px #5b9dd9,
				0 0 2px 1px rgba(30, 140, 190, 0.8);
			box-shadow:
				0 0 0 1px #5b9dd9,
				0 0 2px 1px rgba(30, 140, 190, 0.8);
			outline: none;
		}
		.button {
			background: #f3f5f6;
			border: 1px solid #016087;
			color: #016087;
			display: inline-block;
			text-decoration: none;
			font-size: 13px;
			line-height: 2;
			height: 28px;
			margin: 0;
			padding: 0 10px 1px;
			cursor: pointer;
			-webkit-border-radius: 3px;
			-webkit-appearance: none;
			border-radius: 3px;
			white-space: nowrap;
			-webkit-box-sizing: border-box;
			-moz-box-sizing:    border-box;
			box-sizing:         border-box;

			vertical-align: top;
		}

		.button.button-large {
			line-height: 2.30769231;
			min-height: 32px;
			padding: 0 12px;
		}

		.button:hover,
		.button:focus {
			background: #f1f1f1;
		}

		.button:focus {
			background: #f3f5f6;
			border-color: #007cba;
			-webkit-box-shadow: 0 0 0 1px #007cba;
			box-shadow: 0 0 0 1px #007cba;
			color: #016087;
			outline: 2px solid transparent;
			outline-offset: 0;
		}

		.button:active {
			background: #f3f5f6;
			border-color: #7e8993;
			-webkit-box-shadow: none;
			box-shadow: none;
		}

			</style>
</head>
<body id="error-page">
	<div class="wp-die-message"><p>Há um erro crítico no seu site.</p><p><a href="https://wordpress.org/support/article/faq-troubleshooting/">Saiba mais sobre a como resolver problemas do WordPress.</a></p></div></body>
</html>
	'
